{
  "stats": {
    "suites": 1,
    "tests": 3,
    "passes": 3,
    "pending": 0,
    "failures": 0,
    "start": "2024-02-27T18:33:26.539Z",
    "end": "2024-02-27T18:35:30.685Z",
    "duration": 124146,
    "testsRegistered": 3,
    "passPercent": 100,
    "pendingPercent": 0,
    "other": 0,
    "hasOther": false,
    "skipped": 0,
    "hasSkipped": false
  },
  "results": [
    {
      "uuid": "b047ba2c-6d23-4736-af61-c4554565652b",
      "title": "",
      "fullFile": "cypress\\e2e\\tasks\\portal_unread_notification.cy.js",
      "file": "cypress\\e2e\\tasks\\portal_unread_notification.cy.js",
      "beforeHooks": [],
      "afterHooks": [],
      "tests": [],
      "suites": [
        {
          "uuid": "e1b7da18-1f73-451d-a59c-7d274affc48c",
          "title": "OFM Portal",
          "fullFile": "",
          "file": "",
          "beforeHooks": [],
          "afterHooks": [],
          "tests": [
            {
              "title": "Checks if latest message on portal is Unread",
              "fullTitle": "OFM Portal Checks if latest message on portal is Unread",
              "timedOut": null,
              "duration": 115719,
              "state": "passed",
              "speed": "slow",
              "pass": true,
              "fail": false,
              "pending": false,
              "context": null,
              "code": "cy.visit(PORTAL_URL);\n// click on mail icon in top right\ncy.get(\"#mail_box_button\").click();\n// check latest notification's read/unread\ncy.get(\"table\").find(\"tr\").eq(2).find(\"td\").eq(1).should(\"have.text\", \"Unread\");",
              "err": {},
              "uuid": "d55013b4-3f14-4191-b947-566a3f0e478c",
              "parentUUID": "e1b7da18-1f73-451d-a59c-7d274affc48c",
              "isHook": false,
              "skipped": false
            },
            {
              "title": "Checks if latest message subject on portal is Automation Test - Subject [Correct date time]",
              "fullTitle": "OFM Portal Checks if latest message subject on portal is Automation Test - Subject [Correct date time]",
              "timedOut": null,
              "duration": 3293,
              "state": "passed",
              "speed": "fast",
              "pass": true,
              "fail": false,
              "pending": false,
              "context": null,
              "code": "cy.visit(PORTAL_URL);\n// click on mail icon in top right\ncy.get(\"#mail_box_button\").click();\n// check latest notification's subject\ncy.get(\"table\").find(\"tr\").eq(2).find(\"td\").eq(2).should(\"have.text\", `Automation Test - ${MESSAGE_TIME}`);",
              "err": {},
              "uuid": "ef1652b1-09cd-4d0e-97a1-3a9302f6b44b",
              "parentUUID": "e1b7da18-1f73-451d-a59c-7d274affc48c",
              "isHook": false,
              "skipped": false
            },
            {
              "title": "Checks if latest message date on portal is the Correct Date",
              "fullTitle": "OFM Portal Checks if latest message date on portal is the Correct Date",
              "timedOut": null,
              "duration": 2732,
              "state": "passed",
              "speed": "fast",
              "pass": true,
              "fail": false,
              "pending": false,
              "context": null,
              "code": "cy.visit(PORTAL_URL);\n// click on mail icon in top right\ncy.get(\"#mail_box_button\").click();\n// check latest notification's date\ncy.get(\"table\").find(\"tr\").eq(2).find(\"td\").eq(3).should(\"have.text\", `${MESSAGE_DATE}`);",
              "err": {},
              "uuid": "709fb97a-d12c-4786-8b38-d9ad96e29930",
              "parentUUID": "e1b7da18-1f73-451d-a59c-7d274affc48c",
              "isHook": false,
              "skipped": false
            }
          ],
          "suites": [],
          "passes": [
            "d55013b4-3f14-4191-b947-566a3f0e478c",
            "ef1652b1-09cd-4d0e-97a1-3a9302f6b44b",
            "709fb97a-d12c-4786-8b38-d9ad96e29930"
          ],
          "failures": [],
          "pending": [],
          "skipped": [],
          "duration": 121744,
          "root": false,
          "rootEmpty": false,
          "_timeout": 2000
        }
      ],
      "passes": [],
      "failures": [],
      "pending": [],
      "skipped": [],
      "duration": 0,
      "root": true,
      "rootEmpty": true,
      "_timeout": 2000
    }
  ],
  "meta": {
    "mocha": {
      "version": "7.0.1"
    },
    "mochawesome": {
      "options": {
        "quiet": false,
        "reportFilename": "mochawesome",
        "saveHtml": true,
        "saveJson": true,
        "consoleReporter": "spec",
        "useInlineDiffs": false,
        "code": true
      },
      "version": "7.1.3"
    },
    "marge": {
      "options": {
        "reportDir": "cypress/reports",
        "overwrite": true,
        "html": true,
        "json": true
      },
      "version": "6.2.0"
    }
  }
}