{
  "stats": {
    "suites": 1,
    "tests": 8,
    "passes": 8,
    "pending": 0,
    "failures": 0,
    "start": "2024-02-27T17:12:35.348Z",
    "end": "2024-02-27T17:14:16.291Z",
    "duration": 100943,
    "testsRegistered": 8,
    "passPercent": 100,
    "pendingPercent": 0,
    "other": 0,
    "hasOther": false,
    "skipped": 0,
    "hasSkipped": false
  },
  "results": [
    {
      "uuid": "7f58ac24-49a9-434d-a22d-fbfb50cbffc0",
      "title": "",
      "fullFile": "cypress\\e2e\\examples\\portal-automation\\assistance_request.cy.js",
      "file": "cypress\\e2e\\examples\\portal-automation\\assistance_request.cy.js",
      "beforeHooks": [],
      "afterHooks": [],
      "tests": [],
      "suites": [
        {
          "uuid": "8efd390b-2c90-4607-81ef-9af9090f4e8c",
          "title": "Portal Assistance Request",
          "fullFile": "",
          "file": "",
          "beforeHooks": [],
          "afterHooks": [],
          "tests": [
            {
              "title": "Creates an Assistance Request with a Phone Number",
              "fullTitle": "Portal Assistance Request Creates an Assistance Request with a Phone Number",
              "timedOut": null,
              "duration": 30155,
              "state": "passed",
              "speed": "slow",
              "pass": true,
              "fail": false,
              "pending": false,
              "context": null,
              "code": "// input fields\nlet topic = \"Reporting\";\nlet subject = \"Subject Line\";\nlet description = \"Description Line\";\n// make the assistance request\ncy.get(\"button\").contains(\"New message\").click();\ncy.get('input[placeholder=\"[select a topic]\"]').type(`${topic}{enter}`, {\n  force: true\n});\ncy.get('input[placeholder=\"Brief summary of request\"]').type(subject);\ncy.get('textarea[placeholder^=\"Detailed description\"]').type(description);\ncy.get('input[type=\"radio\"]').first().check();\ncy.get('input[type=\"text\"]').last().clear().type(\"403-403-4033\");\ncy.get(\"button\").contains(\"Submit\").click();\ncy.get(\"p\").contains(\"Reference: REQ\").invoke(\"text\").then(text => {\n  let reqId = text.split(\":\")[1].trim();\n  cy.get(\"button\").contains(\"View messages\").click();\n  cy.get(\"table\").last().find(\"tr\").eq(2).click({\n    force: true\n  });\n  // confirm that the portal's assistance request has the right information submitted in the form for the assistance request\n  cy.contains(\"Reply\").parent().should(\"have.class\", \"reply-disabled\");\n  cy.get(\"div[data-v-74bb8dab]\").find('span[class=\"subject-header\"]').should(\"include.text\", subject);\n  cy.get(\"div[data-v-74bb8dab]\").contains(\"Status\").next().should(\"have.text\", \"Open\");\n  cy.get(\"div[data-v-74bb8dab]\").contains(\"Reference#\").next().should(\"have.text\", reqId);\n  cy.get(\"div[data-v-74bb8dab]\").contains(\"Topic\").next().should(\"have.text\", topic);\n  cy.contains(description).should(\"exist\");\n});",
              "err": {},
              "uuid": "fadfc13d-ef1d-4685-a927-3f065ad42c5b",
              "parentUUID": "8efd390b-2c90-4607-81ef-9af9090f4e8c",
              "isHook": false,
              "skipped": false
            },
            {
              "title": "Checks that topic, subject, and request description are mandatory",
              "fullTitle": "Portal Assistance Request Checks that topic, subject, and request description are mandatory",
              "timedOut": null,
              "duration": 7717,
              "state": "passed",
              "speed": "medium",
              "pass": true,
              "fail": false,
              "pending": false,
              "context": null,
              "code": "cy.get(\"button\").contains(\"New message\").click();\n// checks that topic is mandatory\ncy.get('input[placeholder=\"Brief summary of request\"]').type(\"subject\");\ncy.get('textarea[placeholder=\"Detailed description of request\"]').type(\"description\");\ncy.get(\"button\").contains(\"Submit\").click();\ncy.get(\"label\").contains(\"Topic\").parent().next().contains(\"This field is required\").should(\"exist\");\n// checks that the subject is mandatory\ncy.get('input[placeholder=\"[select a topic]\"]').type(`Reporting{enter}`, {\n  force: true\n});\ncy.get('input[placeholder=\"Brief summary of request\"]').clear();\ncy.get(\"button\").contains(\"Submit\").click();\ncy.get(\"label\").contains(\"Subject\").parent().next().contains(\"This field is required\").should(\"exist\");\n// checks that the description is mandatory\ncy.get('input[placeholder=\"Brief summary of request\"]').type(\"subject\");\ncy.get('textarea[placeholder=\"Detailed description of request\"]').clear();\ncy.get(\"button\").contains(\"Submit\").click();\ncy.get(\"label\").contains(\"Request description\").parent().next().contains(\"This field is required\").should(\"exist\");",
              "err": {},
              "uuid": "6643edd9-8321-432d-9155-da66f1170906",
              "parentUUID": "8efd390b-2c90-4607-81ef-9af9090f4e8c",
              "isHook": false,
              "skipped": false
            },
            {
              "title": "Checks that the portal message radio is selected at the start",
              "fullTitle": "Portal Assistance Request Checks that the portal message radio is selected at the start",
              "timedOut": null,
              "duration": 6411,
              "state": "passed",
              "speed": "medium",
              "pass": true,
              "fail": false,
              "pending": false,
              "context": null,
              "code": "cy.get(\"button\").contains(\"New message\").click();\ncy.get(\"label\").contains(\"Portal message\").prev().find('input[type=\"radio\"]').should(\"be.checked\");",
              "err": {},
              "uuid": "370fe939-9c99-432c-96f1-1140b61dabdb",
              "parentUUID": "8efd390b-2c90-4607-81ef-9af9090f4e8c",
              "isHook": false,
              "skipped": false
            },
            {
              "title": "Lets you cancel the application",
              "fullTitle": "Portal Assistance Request Lets you cancel the application",
              "timedOut": null,
              "duration": 5661,
              "state": "passed",
              "speed": "medium",
              "pass": true,
              "fail": false,
              "pending": false,
              "context": null,
              "code": "cy.get(\"button\").contains(\"New message\").click();\ncy.get(\"button\").contains(\"Cancel\").click();",
              "err": {},
              "uuid": "9dd53eb7-2c30-469a-aaaa-877995cfc874",
              "parentUUID": "8efd390b-2c90-4607-81ef-9af9090f4e8c",
              "isHook": false,
              "skipped": false
            },
            {
              "title": "Checks the different topics available",
              "fullTitle": "Portal Assistance Request Checks the different topics available",
              "timedOut": null,
              "duration": 9605,
              "state": "passed",
              "speed": "medium",
              "pass": true,
              "fail": false,
              "pending": false,
              "context": null,
              "code": "const topics = [\"Intake & Renewal\", \"Reporting\", \"Account Maintenance\", \"Funding Agreement\", \"Payments and Funding\", \"Policy Question\", \"Technical Support\", \"Other\"];\ncy.get(\"button\").contains(\"New message\").click();\ncy.get('div[class=\"v-field__input\"]').first().as(\"topic\");\ntopics.forEach(topic => {\n  cy.get(\"@topic\").click({\n    force: true\n  });\n  cy.get(\".v-list-item__content\").contains(topic).click();\n  cy.contains(topic, {\n    force: true\n  }).should(\"exist\");\n});",
              "err": {},
              "uuid": "b0028fd8-56b7-4fef-830f-5b45cef68f65",
              "parentUUID": "8efd390b-2c90-4607-81ef-9af9090f4e8c",
              "isHook": false,
              "skipped": false
            },
            {
              "title": "Checks 100 max character count in the subject",
              "fullTitle": "Portal Assistance Request Checks 100 max character count in the subject",
              "timedOut": null,
              "duration": 7839,
              "state": "passed",
              "speed": "medium",
              "pass": true,
              "fail": false,
              "pending": false,
              "context": null,
              "code": "let word105 = \" testing 105 characters - aaaaaaaaaaaaaaaaaaaaaaaaaaaaaaaaaaaaaaaaaaaaaaaaaaaaaaaaaaaaaaaaaaaaaaaaaaaaaaaa \";\ncy.get(\"button\").contains(\"New message\").click();\ncy.get('input[placeholder=\"Brief summary of request\"]').type(word105);\ncy.get('input[placeholder=\"Brief summary of request\"]').invoke(\"val\").then(val => {\n  expect(val).to.have.length(100);\n});",
              "err": {},
              "uuid": "013cd659-e895-4687-957c-31e47d544ede",
              "parentUUID": "8efd390b-2c90-4607-81ef-9af9090f4e8c",
              "isHook": false,
              "skipped": false
            },
            {
              "title": "Checks 1000 max character count in the description",
              "fullTitle": "Portal Assistance Request Checks 1000 max character count in the description",
              "timedOut": null,
              "duration": 23216,
              "state": "passed",
              "speed": "slow",
              "pass": true,
              "fail": false,
              "pending": false,
              "context": null,
              "code": "let word1005 = \" testing 1005 characters - aaaaaaaaaaaaaaaaaaaaaaaaaaaaaaaaaaaaaaaaaaaaaaaaaaaaaaaaaaaaaaaaaaaaaaaaaaaaaaaaaaaaaaaaaaaaaaaaaaaaaaaaaaaaaaaaaaaaaaaaaaaaaaaaaaaaaaaaaaaaaaaaaaaaaaaaaaaaaaaaaaaaaaaaaaaaaaaaaaaaaaaaaaaaaaaaaaaaaaaaaaaaaaaaaaaaaaaaaaaaaaaaaaaaaaaaaaaaaaaaaaaaaaaaaaaaaaaaaaaaaaaaaaaaaaaaaaaaaaaaaaaaaaaaaaaaaaaaaaaaaaaaaaaaaaaaaaaaaaaaaaaaaaaaaaaaaaaaaaaaaaaaaaaaaaaaaaaaaaaaaaaaaaaaaaaaaaaaaaaaaaaaaaaaaaaaaaaaaaaaaaaaaaaaaaaaaaaaaaaaaaaaaaaaaaaaaaaaaaaaaaaaaaaaaaaaaaaaaaaaaaaaaaaaaaaaaaaaaaaaaaaaaaaaaaaaaaaaaaaaaaaaaaaaaaaaaaaaaaaaaaaaaaaaaaaaaaaaaaaaaaaaaaaaaaaaaaaaaaaaaaaaaaaaaaaaaaaaaaaaaaaaaaaaaaaaaaaaaaaaaaaaaaaaaaaaaaaaaaaaaaaaaaaaaaaaaaaaaaaaaaaaaaaaaaaaaaaaaaaaaaaaaaaaaaaaaaaaaaaaaaaaaaaaaaaaaaaaaaaaaaaaaaaaaaaaaaaaaaaaaaaaaaaaaaaaaaaaaaaaaaaaaaaaaaaaaaaaaaaaaaaaaaaaaaaaaaaaaaaaaaaaaaaaaaaaaaaaaaaaaaaaaaaaaaaaaaaaaaaaaaaaaaaaaaaaaaaaaaaaaaaaaaaaaaaaaaaaaaaaaaaaaaaaaaaaaaaaaaaaaaaaaaaaaaaaaaaaaaaaaaaaaaaaaaaaaaaaaaaaaaaaaaaaaaaaaaaaaaaaaaaaaaaaaaaaaaaaaaaaaaaaaaaaaaaaaaaaaaa \";\ncy.get(\"button\").contains(\"New message\").click();\ncy.get('textarea[placeholder=\"Detailed description of request\"]').type(word1005);\ncy.get('textarea[placeholder=\"Detailed description of request\"]').invoke(\"val\").then(val => {\n  expect(val).to.have.length(1000);\n});",
              "err": {},
              "uuid": "fe5bdda5-dfbe-4dc6-9e5e-9fd1e52f92dc",
              "parentUUID": "8efd390b-2c90-4607-81ef-9af9090f4e8c",
              "isHook": false,
              "skipped": false
            },
            {
              "title": "Allows you to select multiple facilities",
              "fullTitle": "Portal Assistance Request Allows you to select multiple facilities",
              "timedOut": null,
              "duration": 6937,
              "state": "passed",
              "speed": "medium",
              "pass": true,
              "fail": false,
              "pending": false,
              "context": null,
              "code": "cy.get(\"button\").contains(\"New message\").click();\ncy.get('input[id=\"selectFacility\"]').click({\n  force: true\n});\ncy.get(\".v-list-item\").contains(\"Select All\").click();\ncy.get('input[id=\"selectFacility\"]').parent().get('*[class=\"v-select__selection\"]').should(\"have.length.at.least\", 2);",
              "err": {},
              "uuid": "f82666a5-4167-4fe4-af44-9b56949f6e47",
              "parentUUID": "8efd390b-2c90-4607-81ef-9af9090f4e8c",
              "isHook": false,
              "skipped": false
            }
          ],
          "suites": [],
          "passes": [
            "fadfc13d-ef1d-4685-a927-3f065ad42c5b",
            "6643edd9-8321-432d-9155-da66f1170906",
            "370fe939-9c99-432c-96f1-1140b61dabdb",
            "9dd53eb7-2c30-469a-aaaa-877995cfc874",
            "b0028fd8-56b7-4fef-830f-5b45cef68f65",
            "013cd659-e895-4687-957c-31e47d544ede",
            "fe5bdda5-dfbe-4dc6-9e5e-9fd1e52f92dc",
            "f82666a5-4167-4fe4-af44-9b56949f6e47"
          ],
          "failures": [],
          "pending": [],
          "skipped": [],
          "duration": 97541,
          "root": false,
          "rootEmpty": false,
          "_timeout": 2000
        }
      ],
      "passes": [],
      "failures": [],
      "pending": [],
      "skipped": [],
      "duration": 0,
      "root": true,
      "rootEmpty": true,
      "_timeout": 2000
    }
  ],
  "meta": {
    "mocha": {
      "version": "7.0.1"
    },
    "mochawesome": {
      "options": {
        "quiet": false,
        "reportFilename": "mochawesome",
        "saveHtml": true,
        "saveJson": true,
        "consoleReporter": "spec",
        "useInlineDiffs": false,
        "code": true
      },
      "version": "7.1.3"
    },
    "marge": {
      "options": {
        "reportDir": "cypress/reports",
        "overwrite": true,
        "html": true,
        "json": true
      },
      "version": "6.2.0"
    }
  }
}